2024-11-30 01:35:12 - Database created successfully or already exists.
2024-11-30 01:35:12 - Users table created successfully.
2024-11-30 01:35:12 - Categories table created successfully.
2024-11-30 01:35:12 - Products table created successfully.
2024-11-30 01:35:12 - Payments table created successfully.
2024-11-30 01:35:12 - Reviews table created successfully.
2024-11-30 01:35:14 - Database created successfully or already exists.
2024-11-30 01:35:14 - Users table created successfully.
2024-11-30 01:35:14 - Categories table created successfully.
2024-11-30 01:35:14 - Products table created successfully.
2024-11-30 01:35:14 - Payments table created successfully.
2024-11-30 01:35:14 - Reviews table created successfully.
2024-11-30 01:35:25 - Database created successfully or already exists.
2024-11-30 01:35:25 - Users table created successfully.
2024-11-30 01:35:25 - Categories table created successfully.
2024-11-30 01:35:25 - Products table created successfully.
2024-11-30 01:35:25 - Payments table created successfully.
2024-11-30 01:35:25 - Reviews table created successfully.
2024-11-30 01:35:32 - Database created successfully or already exists.
2024-11-30 01:35:32 - Users table created successfully.
2024-11-30 01:35:32 - Categories table created successfully.
2024-11-30 01:35:32 - Products table created successfully.
2024-11-30 01:35:32 - Payments table created successfully.
2024-11-30 01:35:32 - Reviews table created successfully.
2024-11-30 01:35:45 - Database created successfully or already exists.
2024-11-30 01:35:45 - Users table created successfully.
2024-11-30 01:35:45 - Categories table created successfully.
2024-11-30 01:35:45 - Products table created successfully.
2024-11-30 01:35:45 - Payments table created successfully.
2024-11-30 01:35:45 - Reviews table created successfully.
2024-11-30 01:35:55 - Database created successfully or already exists.
2024-11-30 01:35:55 - Users table created successfully.
2024-11-30 01:35:55 - Categories table created successfully.
2024-11-30 01:35:55 - Products table created successfully.
2024-11-30 01:35:55 - Payments table created successfully.
2024-11-30 01:35:55 - Reviews table created successfully.
